Client: on_event RDMA_CM_EVENT_ADDR_RESOLVED "OK"
Client: oServer: on_event RDMA_CM_EVENT_CONNECClient: on_event RDMA_CM_EVENT_ESTABLISHED
src/core/ext/transport/chttp2/client/chttp2_connector.cc:Connected() 0xc0b850
src/core/ext/src/core/ext/transport/chttp2/transport/chttp2_transport.cc:read_src/core/ext/transport/chttp2/client/src/core/ext/transport/chttp2/transport/src/core/ext/transport/chttp2/client/chttp2_connector.cc:OnH1 (&t->read_buffesrc/core/ext/t1 (&t->read_buffer)->count: 0
1 (&t->read_buffer)->base_slices: 0x2b5e00232fb0
1 keep_reading: 1
2 (&t->read_buffer)->length: 0
2 (&t->read_buffer)->count: 0
2 (&t->read_buffer)->base_slices: 0x2b5e00232fb0
2 keep_reading: 1
RDMA_READ CALLED rdma_on_send_complete
readfd_notify
RDMA_WRITE_CALLED
Send a message 46
writefd_notify
rdma_handle_write
CALLED WRITE_CB
rdma_handle_read
rdma_continue_read
A Message 82
src/core/lib/iomgr/rdma_cm.cc refilled_bufs 1 events_completed 1
RDMA_cm Send a short message
Called_READCB
src/core/ext/transport/chttp2/transport/chttp2_transport.cc:read_action
src/core/ext/transport/chttp2/transport/chttp2_transport.cc:read_action_locked():reading_action.parse
src/core/ext/transport/chttp2/transport/chttp2_transport.cc:read_action_locked():t->deframe_state 0
1 (&t->read_buffer)->length: 82
1 (&t->read_buffer)->count: 1
1 (&t->read_buffer)->base_slices: 0x2b5e00232fb0
1 keep_reading: 1
0x2b5e00232fb0
src/core/lib/slice/slice_buffer.cc:grpc_slice_buffer_reset_and_unref_internalx()
2 (&t->read_buffer)->length: 0
2 (&t->read_buffer)->count: 0
2 (&t->read_buffer)->base_slices: 0x2b5e00232fb0
2 keep_reading: 1
RDMA_READ CALLED rdma_on_send_complete
readfd_notify
rdma_handle_read
rdma_continue_read
A sms 0
src/core/lib/iomgr/rdma_cm.cc refilled_bufs 0 events_completed 1
readfd_notify
rdma_handle_read
rdma_continue_read
A Message 234
src/core/lib/iomgr/rdma_cm.cc refilled_bufs 1 events_completed 1
RDMA_cm Send a short message
Called_READCB
src/core/ext/transport/chttp2/transport/chttp2_transport.cc:read_action
src/core/ext/transport/chttp2/transport/chttp2_RDMA_WRITE_CALLED
Send a message 32767
writefd_notify
rdma_handle_read
rdma_continue_read
A sms 0
src/core/lib/iomgr/rdma_cm.cc refilled_bufs 0 events_completed 1
readfd_notify
rdma_handle_write
Send a message 32767
writefd_notify
rdma_handle_write
Send a message 32767
writefd_notify
rdma_handle_write
Send a message 32767
writefd_notify
rdma_handle_write
Send a message 32767
writefd_notify
rdma_handle_write
Send a message 32767
writefd_notify
rdma_handle_write
Send a message 32767
writefd_notify
rdma_handle_write
Send a message 32767
writefd_notify
rdma_handle_write
Send a message 32767
writefd_notify
rdma_handle_write
Send a message 32767
writefd_notify
rdma_handle_write
Send a message 32767
writefd_notify
rdma_handle_write
Send a message 32767
writefd_notify
rdma_handle_write
Send a message 32767
writefd_notify
rdma_handle_write
Send a message 32767
writefd_notify
rdma_handle_write
Send a message 32767
writefd_notify
rdma_handle_write
Send a message 32767
writefd_notify
rdma_handle_write
Send a message 32767
writefd_notify
rdma_handle_write
Send a message 32767
writefd_notify
rdma_handle_write
Send a message 32767
writefd_notify
rdma_handle_write
Send a message 32767
writefd_notify
rdma_handle_read
rdma_continue_read
A sms 0
src/core/lib/iomgr/rdma_cm.cc refilled_bufs 0 events_completed 1
readfd_notify
rdma_handle_write
Send a message 32767
writefd_notify
rdma_handle_write
Send a message 32767
writefd_notify
rdma_handle_write
Send a message 32767
writefd_notify
rdma_handle_write
Send a message 32767
writefd_notify
rdma_handle_write
Send a message 32767
writefd_notify
rdma_handle_write
Send a message 32767
writefd_notify
rdma_handle_write
Send a message 32767
writefd_notify
Client: on_event RDMA_CM_EVENT_DISCONNECTED 1
rdma_handle_write
CALLED WRITE_CB
rdma_handle_read
rdma_clean_failed_wr
rdma_clean_failed_wr
rdma_clean_failed_wr
rdma_clean_failed_wr
rdma_clean_failed_wr
rdma_clean_failed_wr
rdma_clean_failed_wr
rdma_clean_failed_wr
rdma_clean_failed_wr
rdma_clean_failed_wr
rdma_clean_failed_wr
rdma_clean_failed_wr
rdma_clean_failed_wr
rdma_clean_failed_wr
rdma_clean_failed_wr
rdma_clean_failed_wr
rdma_clean_failed_wr
rdma_clean_failed_wr
rdma_clean_failed_wr
rdma_clean_failed_wr
rdma_clean_failed_wr
rdma_clean_failed_wr
rdma_clean_failed_wr
rdma_clean_failed_wr
rdma_clean_failed_wr
rdma_clean_failed_wr
rdma_clean_failed_wr
rdma_clean_failed_wr
rdma_clean_failed_wr
rdma_clean_failed_wr
rdma_clean_failed_wr
rdma_clean_failed_wr
rdma_clean_failed_wr
rdma_clean_failed_wr
rdma_clean_failed_wr
rdma_clean_failed_wr
rdma_clean_failed_wr
rdma_clean_failed_wr
rdma_clean_failed_wr
rdma_clean_failed_wr
rdma_clean_failed_wr
rdma_clean_failed_wr
rdma_clean_failed_wr
rdma_clean_failed_wr
rdma_clean_failed_wr
rdma_clean_failed_wr
rdma_clean_failed_wr
rdma_clean_failed_wr
rdma_clean_failed_wr
rdma_clean_failed_wr
rdma_clean_failed_wr
rdma_clean_failed_wr
rdma_clean_failed_wr
rdma_clean_failed_wr
rdma_clean_failed_wr
rdma_clean_failed_wr
rdma_clean_failed_wr
rdma_clean_failed_wr
rdma_clean_failed_wr
rdma_clean_failed_wr
rdma_clean_failed_wr
rdma_clean_failed_wr
rdma_clean_failed_wr
rdma_clean_failed_wr
Called_READCB
src/core/ext/transport/chttp2/client/chttp2_connector.cc:Connected() 0xc0b850
