D1207 17:31:16.202573058   69350 ev_posix.c:101]             Using polling engine: poll
I1207 17:31:16.202761748   69350 init.c:188]                 grpc_init(void)
I1207 17:31:16.202838619   69350 channel_create.c:221]       grpc_insecure_channel_create(target=0x14459c8, args=0x7ffc7cf4d0b0, reserved=(nil))
I1207 17:31:16.202972430   69350 init.c:188]                 grpc_init(void)
I1207 17:31:16.203027119   69350 channel.c:263]              grpc_channel_register_call(channel=0x14431b0, method=/mathtest.MathTest/sendRequest, host=(null), reserved=(nil))
I1207 17:31:16.203072503   69350 init.c:193]                 grpc_shutdown(void)
I1207 17:31:16.203145862   69350 init.c:188]                 grpc_init(void)
I1207 17:31:16.203173686   69350 completion_queue.c:129]     grpc_completion_queue_create(reserved=(nil))
I1207 17:31:16.203215949   69350 channel.c:291]              grpc_channel_create_registered_call(channel=0x14431b0, parent_call=(nil), propagation_mask=ffff, completion_queue=0x1442210, registered_call_handle=0x1446ae0, deadline=gpr_timespec { tv_sec: 9223372036854775807, tv_nsec: 0, clock_type: 1 }, reserved=(nil))
I1207 17:31:16.203286806   69350 grpc_context.c:41]          grpc_census_call_set_context(call=0x143f190, census_context=(nil))
I1207 17:31:16.203347148   69350 call.c:1677]                grpc_call_start_batch(call=0x143f190, ops=0x7ffc7cf4cb40, nops=6, tag=0x7ffc7cf4ce30, reserved=(nil))
I1207 17:31:16.203393523   69350 call.c:1353]                ops[0]: SEND_INITIAL_METADATA
I1207 17:31:16.203421077   69350 call.c:1353]                ops[1]: SEND_MESSAGE ptr=0x143ef30
I1207 17:31:16.203446331   69350 call.c:1353]                ops[2]: RECV_INITIAL_METADATA ptr=0x7ffc7cf4ce88
I1207 17:31:16.203471374   69350 call.c:1353]                ops[3]: RECV_MESSAGE ptr=0x7ffc7cf4ceb0
I1207 17:31:16.203495116   69350 call.c:1353]                ops[4]: SEND_CLOSE_FROM_CLIENT
I1207 17:31:16.203521130   69350 call.c:1353]                ops[5]: RECV_STATUS_ON_CLIENT metadata=0x7ffc7cf4ced0 status=0x7ffc7cf4cee8 details=0x7ffc7cf4cef0
I1207 17:31:16.203580632   69350 client_channel.c:109]       OP[client-channel:0x143f798]: SEND_INITIAL_METADATA{key=3a 70 61 74 68 ':path' value=2f 6d 61 74 68 74 65 73 74 2e 4d 61 74 68 54 65 73 74 2f 73 65 6e 64 52 65 71 75 65 73 74 '/mathtest.MathTest/sendRequest', key=3a 61 75 74 68 6f 72 69 74 79 ':authority' value=31 32 2e 37 2e 31 33 2e 33 37 3a 35 30 30 30 '12.7.13.37:5000', key=67 72 70 63 2d 65 6e 63 6f 64 69 6e 67 'grpc-encoding' value=69 64 65 6e 74 69 74 79 'identity', key=67 72 70 63 2d 61 63 63 65 70 74 2d 65 6e 63 6f 64 69 6e 67 'grpc-accept-encoding' value=69 64 65 6e 74 69 74 79 2c 64 65 66 6c 61 74 65 2c 67 7a 69 70 'identity,deflate,gzip'} SEND_MESSAGE:flags=0x00000000:len=4 SEND_TRAILING_METADATA{} RECV_INITIAL_METADATA RECV_MESSAGE RECV_TRAILING_METADATA
I1207 17:31:16.203657672   69350 completion_queue.c:436]     grpc_completion_queue_pluck(cc=0x1442210, tag=0x7ffc7cf4ce30, deadline=gpr_timespec { tv_sec: 9223372036854775807, tv_nsec: 0, clock_type: 1 }, reserved=(nil))
D1207 17:31:16.203790533   69351 connectivity_state.c:92]    CONWATCH: 0x2b11bc000a98 (null): get IDLE
D1207 17:31:16.203837758   69351 connectivity_state.c:156]   SET: 0x14432f8 client_channel: IDLE --> IDLE [new_lb+resolver] error=(nil) null
D1207 17:31:16.203867213   69351 connectivity_state.c:109]   CONWATCH: 0x2b11bc000a98 (null): from IDLE [cur=IDLE] notify=0x2b11bc001338
D1207 17:31:16.203895979   69351 connectivity_state.c:109]   CONWATCH: 0x2b11bc000ec8 subchannel: from IDLE [cur=IDLE] notify=0x2b11bc0014b8
D1207 17:31:16.203923793   69351 connectivity_state.c:156]   SET: 0x2b11bc000ec8 subchannel: IDLE --> CONNECTING [state_change] error=(nil) null
I1207 17:31:16.204872726   69351 rdma_client_posix.c:553]    src/core/lib/iomgr/rdma_client_posix.cc:rdma_client_connect_impl() after rdma_create_id
I1207 17:31:16.204922172   69351 rdma_client_posix.c:560]    src/core/lib/iomgr/rdma_client_posix.cc:rdma_client_connect_impl() after rdma_create_id
D1207 17:31:16.204949957   69351 rdma_client_posix.c:561]    rdma_client_connect_impl
D1207 17:31:16.205007607   69351 rdma_utils_posix.c:24]      ADDR: AF_INET addr:12.7.13.37:5000 port:5000
I1207 17:31:16.205055082   69351 rdma_client_posix.c:602]    src/core/lib/iomgr/rdma_client_posix.cc:rdma_client_connect_impl() after grpc_sockaddr_to_uri ipv4:12.7.13.37:5000
D1207 17:31:16.205187092   69351 connectivity_state.c:156]   SET: 0x2b11bc000a98 (null): IDLE --> CONNECTING [connecting_changed] error=(nil) null
D1207 17:31:16.205226883   69351 connectivity_state.c:109]   CONWATCH: 0x2b11bc000ec8 subchannel: from CONNECTING [cur=CONNECTING] notify=0x2b11bc0014b8
D1207 17:31:16.205267875   69351 connectivity_state.c:156]   SET: 0x14432f8 client_channel: IDLE --> CONNECTING [lb_changed] error=(nil) null
D1207 17:31:16.205302283   69351 connectivity_state.c:109]   CONWATCH: 0x2b11bc000a98 (null): from CONNECTING [cur=CONNECTING] notify=0x2b11bc0012b8
I1207 17:31:16.208105437   69350 rdma_client_posix.c:416]    Client: on_event RDMA_CM_EVENT_ADDR_RESOLVED
D1207 17:31:16.208879737   69350 rdma_client_posix.c:229]    The actual size is(128,128)
I1207 17:31:16.210939287   69350 rdma_client_posix.c:425]    Client: on_event RDMA_CM_EVENT_ROUTE_RESOLVED
I1207 17:31:16.214532700   69350 rdma_client_posix.c:435]    Client: on_event RDMA_CM_EVENT_ESTABLISHED
I1207 17:31:16.214578564   69350 rdma_cm.c:641]              CREATE:RDMA_CM_ID=0x2b11bc002ad0
D1207 17:31:16.214764332   69350 parsing.c:168]              FLOW parsed: client transport CREDIT       global.announce_incoming_window(0) by                   announce_bytes(983041) giving 983041
D1207 17:31:16.214810647   69350 parsing.c:170]              FLOW parsed: client transport CREDIT           parsing.incoming_window(65535) by                   announce_bytes(983041) giving 1048576
I1207 17:31:16.214839402   69350 rdma_cm.c:378]              RDMA_READ CALLED
I1207 17:31:16.214875871   69350 rdma_cm.c:551]              RDMA_WRITE_CALLED
I1207 17:31:16.214908278   69350 rdma_cm.c:449]              Send a message 57
I1207 17:31:16.214932141   69350 rdma_cm.c:595]              rdma write completed
I1207 17:31:16.214970201   69350 chttp2_transport.c:1171]    perform_transport_op_locked before op->on_consumed
D1207 17:31:16.214997906   69350 connectivity_state.c:109]   CONWATCH: 0x167d7d0 client_transport: from READY [cur=READY] notify=0x144bfc0
D1207 17:31:16.215026041   69350 connectivity_state.c:156]   SET: 0x2b11bc000ec8 subchannel: CONNECTING --> READY [connected] error=(nil) null
D1207 17:31:16.215052455   69350 connectivity_state.c:156]   SET: 0x2b11bc000a98 (null): CONNECTING --> READY [connecting_ready] error=(nil) null
I1207 17:31:16.215080360   69350 chttp2_transport.c:1171]    perform_transport_op_locked before op->on_consumed
D1207 17:31:16.215105133   69350 connectivity_state.c:109]   CONWATCH: 0x167d7d0 client_transport: from READY [cur=READY] notify=0x2b11bc000a28
D1207 17:31:16.215149586   69350 connectivity_state.c:156]   SET: 0x14432f8 client_channel: CONNECTING --> READY [lb_changed] error=(nil) null
D1207 17:31:16.215174960   69350 connectivity_state.c:109]   CONWATCH: 0x2b11bc000a98 (null): from READY [cur=READY] notify=0x1446278
I1207 17:31:16.215236442   69350 http_client_filter.c:165]   OP[http-client:0x14589f8]: SEND_INITIAL_METADATA{key=3a 70 61 74 68 ':path' value=2f 6d 61 74 68 74 65 73 74 2e 4d 61 74 68 54 65 73 74 2f 73 65 6e 64 52 65 71 75 65 73 74 '/mathtest.MathTest/sendRequest', key=3a 61 75 74 68 6f 72 69 74 79 ':authority' value=31 32 2e 37 2e 31 33 2e 33 37 3a 35 30 30 30 '12.7.13.37:5000', key=67 72 70 63 2d 65 6e 63 6f 64 69 6e 67 'grpc-encoding' value=69 64 65 6e 74 69 74 79 'identity', key=67 72 70 63 2d 61 63 63 65 70 74 2d 65 6e 63 6f 64 69 6e 67 'grpc-accept-encoding' value=69 64 65 6e 74 69 74 79 2c 64 65 66 6c 61 74 65 2c 67 7a 69 70 'identity,deflate,gzip'} SEND_MESSAGE:flags=0x00000000:len=4 SEND_TRAILING_METADATA{} RECV_INITIAL_METADATA RECV_MESSAGE RECV_TRAILING_METADATA
I1207 17:31:16.215289880   69350 connected_channel.c:70]     OP[connected:0x1458a10]: SEND_INITIAL_METADATA{key=3a 73 63 68 65 6d 65 ':scheme' value=68 74 74 70 'http', key=3a 6d 65 74 68 6f 64 ':method' value=50 4f 53 54 'POST', key=3a 70 61 74 68 ':path' value=2f 6d 61 74 68 74 65 73 74 2e 4d 61 74 68 54 65 73 74 2f 73 65 6e 64 52 65 71 75 65 73 74 '/mathtest.MathTest/sendRequest', key=3a 61 75 74 68 6f 72 69 74 79 ':authority' value=31 32 2e 37 2e 31 33 2e 33 37 3a 35 30 30 30 '12.7.13.37:5000', key=67 72 70 63 2d 65 6e 63 6f 64 69 6e 67 'grpc-encoding' value=69 64 65 6e 74 69 74 79 'identity', key=67 72 70 63 2d 61 63 63 65 70 74 2d 65 6e 63 6f 64 69 6e 67 'grpc-accept-encoding' value=69 64 65 6e 74 69 74 79 2c 64 65 66 6c 61 74 65 2c 67 7a 69 70 'identity,deflate,gzip', key=74 65 'te' value=74 72 61 69 6c 65 72 73 'trailers', key=63 6f 6e 74 65 6e 74 2d 74 79 70 65 'content-type' value=61 70 70 6c 69 63 61 74 69 6f 6e 2f 67 72 70 63 'application/grpc', key=75 73 65 72 2d 61 67 65 6e 74 'user-agent' value=67 72 70 63 2d 63 2b 2b 2f 30 2e 31 35 2e 31 20 67 72 70 63 2d 63 2f 30 2e 31 35 2e 31 20 28 6c 69 6e 75 78 3b 20 63 68 74 74 70 32 29 'grpc-c++/0.15.1 grpc-c/0.15.1 (linux; chttp2)'} SEND_MESSAGE:flags=0x00000000:len=4 SEND_TRAILING_METADATA{} RECV_INITIAL_METADATA RECV_MESSAGE RECV_TRAILING_METADATA
D1207 17:31:16.215328401   69350 chttp2_transport.c:847]     HTTP:CLI: Allocating new grpc_chttp2_stream 0x1458b28 to id 1
D1207 17:31:16.215367221   69350 chttp2_transport.c:1905]    FLOW op: client stream[1] CREDIT             global.max_recv_bytes(65535) by                add_max_recv_bytes(65535) giving 131070
D1207 17:31:16.215396017   69350 chttp2_transport.c:1908]    FLOW op: client stream[1] CREDIT global.unannounced_incoming_window_for_parse(0) by                add_max_recv_bytes(65535) giving 65535
D1207 17:31:16.215422911   69350 chttp2_transport.c:1911]    FLOW op: client stream[1] CREDIT global.unannounced_incoming_window_for_writing(0) by                add_max_recv_bytes(65535) giving 65535
I1207 17:31:16.215464813   69350 rdma_cm.c:236]              Continue Read,Get a slice
I1207 17:31:16.215492027   69350 rdma_cm.c:238]              A Message of 37 Bytes Received
I1207 17:31:16.215515220   69350 rdma_cm.c:251]              A Message 21
I1207 17:31:16.215546396   69350 rdma_cm.c:257]              MR_ADDR=0x1444f10
I1207 17:31:16.215607138   69350 rdma_cm.c:236]              Continue Read,Get a slice
I1207 17:31:16.215639165   69350 rdma_cm.c:238]              A Message of 24 Bytes Received
I1207 17:31:16.215663748   69350 rdma_cm.c:242]              A sms
I1207 17:31:16.215687721   69350 rdma_cm.c:236]              Continue Read,Get a slice
I1207 17:31:16.215711394   69350 rdma_cm.c:238]              A Message of 29 Bytes Received
I1207 17:31:16.215734366   69350 rdma_cm.c:251]              A Message 13
I1207 17:31:16.215761870   69350 rdma_cm.c:257]              MR_ADDR=0x143e9f0
I1207 17:31:16.215818240   69350 rdma_cm.c:349]              Send a short message
I1207 17:31:16.215849977   69350 rdma_cm.c:212]              Called_READCB
I1207 17:31:16.215879863   69350 rdma_cm.c:471]              HANDLE_WRITE_CALLED
I1207 17:31:16.215905717   69350 rdma_cm.c:507]              A Message sent
I1207 17:31:16.215930820   69350 rdma_cm.c:526]              rdma_on_send_complete no flush
I1207 17:31:16.215954502   69350 rdma_cm.c:395]              CALLED WRITE_CB
D1207 17:31:16.215983508   69350 parsing.c:98]               FLOW parse: client stream[1] MOVE             parsing.incoming_window(65535) <- global.unannounced_incoming_window_for_parse(65535) giving 131070
D1207 17:31:16.216018987   69350 writing.c:94]               FLOW write: client stream[1] MOVE                 writing.outgoing_window(0) <-            global.outgoing_window(65535) giving 65535
D1207 17:31:16.216048522   69350 writing.c:146]              FLOW write: client stream[1] MOVE                 writing.announce_window(0) <- global.unannounced_incoming_window_for_writing(65535) giving 65535
D1207 17:31:16.216077267   69350 writing.c:163]              FLOW write: client transport DEBIT   global.announce_incoming_window(983041) by                        announced(983041) giving 0
D1207 17:31:16.216119820   69350 frame_settings.c:250]       CHTTP2:CLI: got setting 4 = 65535
D1207 17:31:16.216147164   69350 frame_settings.c:250]       CHTTP2:CLI: got setting 6 = 16384
D1207 17:31:16.216176920   69350 frame_window_update.c:122]  FLOW parse: client transport CREDIT               parsing.outgoing_window(0) by                  received_update(983041) giving 983041
D1207 17:31:16.216206106   69350 parsing.c:154]              FLOW parsed: client transport MOVE                  global.outgoing_window(0) <-          parsing.outgoing_window(983041) giving 983041
I1207 17:31:16.216234050   69350 rdma_cm.c:378]              RDMA_READ CALLED
D1207 17:31:16.216280245   69350 writing.c:226]              FLOW write: client stream[1] DEBIT            writing.announce_window(65535) by                          announce(65535) giving 0
D1207 17:31:16.216314173   69350 writing.c:267]              FLOW write: client stream[1] DEBIT            writing.outgoing_window(65535) by                            send_bytes(9) giving 65526
D1207 17:31:16.216346840   69350 writing.c:269]              FLOW write: client transport DEBIT            writing.outgoing_window(65535) by                            send_bytes(9) giving 65526
I1207 17:31:16.216371743   69350 rdma_cm.c:551]              RDMA_WRITE_CALLED
I1207 17:31:16.216398167   69350 rdma_cm.c:449]              Send a message 317
I1207 17:31:16.216422890   69350 rdma_cm.c:595]              rdma write completed
I1207 17:31:16.216455618   69350 rdma_cm.c:236]              Continue Read,Get a slice
I1207 17:31:16.216481952   69350 rdma_cm.c:238]              A Message of 25 Bytes Received
I1207 17:31:16.216505364   69350 rdma_cm.c:251]              A Message 9
I1207 17:31:16.216529297   69350 rdma_cm.c:257]              MR_ADDR=0x1442670
I1207 17:31:16.216553750   69350 rdma_cm.c:236]              Continue Read,Get a slice
I1207 17:31:16.216577732   69350 rdma_cm.c:238]              A Message of 24 Bytes Received
I1207 17:31:16.216601535   69350 rdma_cm.c:242]              A sms
I1207 17:31:16.216625538   69350 rdma_cm.c:349]              Send a short message
I1207 17:31:16.216650311   69350 rdma_cm.c:212]              Called_READCB
I1207 17:31:16.216674513   69350 rdma_cm.c:471]              HANDLE_WRITE_CALLED
I1207 17:31:16.216700907   69350 rdma_cm.c:507]              A Message sent
I1207 17:31:16.216724960   69350 rdma_cm.c:526]              rdma_on_send_complete no flush
I1207 17:31:16.216753435   69350 rdma_cm.c:395]              CALLED WRITE_CB
D1207 17:31:16.216787493   69350 writing.c:77]               FLOW write: client transport MOVE             writing.outgoing_window(65526) <-           global.outgoing_window(983041) giving 1048567
I1207 17:31:16.216818790   69350 rdma_cm.c:378]              RDMA_READ CALLED
I1207 17:31:16.216845244   69350 rdma_cm.c:551]              RDMA_WRITE_CALLED
I1207 17:31:16.216869417   69350 rdma_cm.c:449]              Send a message 9
I1207 17:31:16.216893539   69350 rdma_cm.c:595]              rdma write completed
I1207 17:31:16.216921514   69350 rdma_cm.c:471]              HANDLE_WRITE_CALLED
I1207 17:31:16.216948929   69350 rdma_cm.c:507]              A Message sent
I1207 17:31:16.216973692   69350 rdma_cm.c:526]              rdma_on_send_complete no flush
I1207 17:31:16.216997364   69350 rdma_cm.c:395]              CALLED WRITE_CB
I1207 17:31:16.217857610   69350 rdma_cm.c:236]              Continue Read,Get a slice
I1207 17:31:16.217888256   69350 rdma_cm.c:238]              A Message of 24 Bytes Received
I1207 17:31:16.217912829   69350 rdma_cm.c:242]              A sms
I1207 17:31:16.218611319   69350 rdma_cm.c:236]              Continue Read,Get a slice
I1207 17:31:16.218640995   69350 rdma_cm.c:238]              A Message of 177 Bytes Received
I1207 17:31:16.218665087   69350 rdma_cm.c:251]              A Message 161
I1207 17:31:16.218694503   69350 rdma_cm.c:257]              MR_ADDR=0x1444700
I1207 17:31:16.218718846   69350 rdma_cm.c:349]              Send a short message
I1207 17:31:16.218743299   69350 rdma_cm.c:212]              Called_READCB
I1207 17:31:16.218794696   69350 parsing.c:657]              HTTP:1:HDR:CLI: :status: 200
I1207 17:31:16.218825983   69350 parsing.c:657]              HTTP:1:HDR:CLI: content-type: application/grpc
I1207 17:31:16.218852116   69350 parsing.c:657]              HTTP:1:HDR:CLI: grpc-encoding: identity
I1207 17:31:16.218877840   69350 parsing.c:657]              HTTP:1:HDR:CLI: grpc-accept-encoding: identity,deflate,gzip
D1207 17:31:16.218905275   69350 parsing.c:592]              FLOW parse: client transport DEBIT          parsing.incoming_window(1048576) by                   incoming_frame_size(7) giving 1048569
D1207 17:31:16.218932659   69350 parsing.c:594]              FLOW parse: client stream[1] DEBIT           parsing.incoming_window(131070) by                   incoming_frame_size(7) giving 131063
I1207 17:31:16.218968518   69350 parsing.c:722]              HTTP:1:TRL:CLI: grpc-status: 0
I1207 17:31:16.219007419   69350 rdma_cm.c:378]              RDMA_READ CALLED
I1207 17:31:16.219057885   69350 completion_queue.c:242]     grpc_cq_end_op(exec_ctx=0x7ffc7cf4cd40, cc=0x1442210, tag=0x7ffc7cf4ce30, error=null, done=0x2b11b9c67c30, done_arg=0x143f1f8, storage=0x143f200)
E1207 17:31:16.219087571   69350 completion_queue.c:244]     Operation failed: tag=0x7ffc7cf4ce30, error=null
I1207 17:31:16.219125411   69350 completion_queue.c:515]     RETURN_EVENT[0x1442210]: OP_COMPLETE: tag:0x7ffc7cf4ce30 OK
I1207 17:31:16.219159559   69350 metadata_array.c:47]        grpc_metadata_array_destroy(array=0x7ffc7cf4ce88)
I1207 17:31:16.219184712   69350 metadata_array.c:42]        grpc_metadata_array_init(array=0x7ffc7cf4ce88)
I1207 17:31:16.219231577   69350 metadata_array.c:47]        grpc_metadata_array_destroy(array=0x7ffc7cf4ced0)
I1207 17:31:16.219256360   69350 metadata_array.c:42]        grpc_metadata_array_init(array=0x7ffc7cf4ced0)
I1207 17:31:16.219285436   69350 completion_queue.c:549]     grpc_completion_queue_destroy(cc=0x1442210)
I1207 17:31:16.219309418   69350 completion_queue.c:529]     grpc_completion_queue_shutdown(cc=0x1442210)
I1207 17:31:16.219334302   69350 init.c:193]                 grpc_shutdown(void)
I1207 17:31:16.219362847   69350 call.c:686]                 grpc_call_destroy(c=0x143f190)
I1207 17:31:16.219461459   69350 channel.c:340]              grpc_channel_destroy(channel=0x14431b0)
D1207 17:31:16.219499739   69350 connectivity_state.c:156]   SET: 0x14432f8 client_channel: READY --> SHUTDOWN [disconnect] error=0x1446480 {"created":"@1670405476.219489874","description":"Channel Destroyed","file":"src/core/lib/surface/channel.c","file_line":342}
D1207 17:31:16.219535878   69350 connectivity_state.c:156]   SET: 0x2b11bc000a98 (null): READY --> SHUTDOWN [shutdown] error=0x1448be0 {"created":"@1670405476.219529705","description":"Channel shutdown","file":"src/core/ext/lb_policy/pick_first/pick_first.c","file_line":108}
I1207 17:31:16.219562572   69350 chttp2_transport.c:1171]    perform_transport_op_locked before op->on_consumed
D1207 17:31:16.219587476   69350 connectivity_state.c:106]   CONWATCH: 0x167d7d0 client_transport: unsubscribe notify=0x2b11bc000a28
D1207 17:31:16.219637902   69350 connectivity_state.c:156]   SET: 0x14432f8 client_channel: SHUTDOWN --> SHUTDOWN [resolver_gone] error=0x1448990 {"created":"@1670405476.219619162","description":"Got config after disconnection","file":"src/core/ext/client_config/client_channel.c","file_line":250,"referenced_errors":[{"created":"@1670405476.219527594","description":"Resolver Shutdown","file":"src/core/ext/resolver/dns/native/dns_resolver.c","file_line":115}{"created":"@1670405476.219615751","description":"No load balancing policy","file":"src/core/ext/client_config/client_channel.c","file_line":188}]}
D1207 17:31:16.219673341   69350 chttp2_transport.c:1822]    set connectivity_state=4
D1207 17:31:16.219704227   69350 connectivity_state.c:156]   SET: 0x167d7d0 client_transport: READY --> SHUTDOWN [close_transport] error=0x1448990 {"created":"@1670405476.219672210","description":"Transport destroyed","file":"src/core/ext/transport/chttp2/transport/chttp2_transport.c","file_line":414}
I1207 17:31:16.219741027   69350 rdma_cm.c:121]              DESTROY:RDMA_CM_ID=0x2b11bc002ad0
I1207 17:31:16.220218350   69350 rdma_cm.c:123]              ENDPOINT:DISCONNECTED
I1207 17:31:16.220255369   69350 rdma_cm.c:127]              ENDPOINT:FD CLOSED
D1207 17:31:16.220289847   69350 connectivity_state.c:156]   SET: 0x2b11bc000ec8 subchannel: READY --> SHUTDOWN [reflect_child] error=0x1448990 {"created":"@1670405476.219672210","description":"Transport destroyed","file":"src/core/ext/transport/chttp2/transport/chttp2_transport.c","file_line":414}
I1207 17:31:16.220319043   69350 rdma_cm.c:212]              Called_READCB
I1207 17:31:16.220348588   69350 rdma_cm.c:137]              Call callback of rdma_client_posix
I1207 17:31:16.270478507   69350 rdma_client_posix.c:458]    Client: on_event RDMA_CM_EVENT_DISCONNECTED
I1207 17:31:16.270741226   69350 rdma_cm.c:141]              Endpoint:Goodbye~
E1207 17:31:16.270783979   69350 chttp2_transport.c:1811]    close_transport: {"created":"@1670405476.220254609","description":"FD shutdown","file":"src/core/lib/iomgr/ev_poll_posix.c","file_line":427}
I1207 17:31:16.270818577   69350 init.c:193]                 grpc_shutdown(void)
D1207 17:31:16.270870795   69350 rdma_client_posix.c:118]    CLIENT FUNC:tc_on_alarm CALLED
